2024-11-25 17:30:06,430 [Worker-4: Loading available Gradle versions] INFO  o.e.b.c.i.u.g.PublishedGradleVersions - Gradle version information cache is up-to-date. Trying to read.
2024-11-25 17:33:21,368 [Worker-2: Launching mavenrun-03c3d50c-b8fb-4f00-a457-c5387e43b72a] INFO  o.eclipse.m2e.core.internal.Bundles - getClasspathEntries(Bundle=org.eclipse.m2e.maven.runtime_3.9.900.20240824-1409 [640])
2024-11-25 17:33:21,381 [Worker-2: Launching mavenrun-03c3d50c-b8fb-4f00-a457-c5387e43b72a] INFO  o.eclipse.m2e.core.internal.Bundles - 	Entry: C:\Users\natheeshkumar.b\.p2\pool\plugins\org.eclipse.m2e.maven.runtime_3.9.900.20240824-1409
2024-11-25 17:33:21,382 [Worker-2: Launching mavenrun-03c3d50c-b8fb-4f00-a457-c5387e43b72a] INFO  o.eclipse.m2e.core.internal.Bundles - 	Entry: C:\Users\natheeshkumar.b\.p2\pool\plugins\org.eclipse.m2e.maven.runtime_3.9.900.20240824-1409\jars\aopalliance-1.0.jar
2024-11-25 17:33:21,383 [Worker-2: Launching mavenrun-03c3d50c-b8fb-4f00-a457-c5387e43b72a] INFO  o.eclipse.m2e.core.internal.Bundles - 	Entry: C:\Users\natheeshkumar.b\.p2\pool\plugins\org.eclipse.m2e.maven.runtime_3.9.900.20240824-1409\jars\guice-5.1.0.jar
2024-11-25 17:33:21,384 [Worker-2: Launching mavenrun-03c3d50c-b8fb-4f00-a457-c5387e43b72a] INFO  o.eclipse.m2e.core.internal.Bundles - 	Entry: C:\Users\natheeshkumar.b\.p2\pool\plugins\org.eclipse.m2e.maven.runtime_3.9.900.20240824-1409\jars\httpclient-4.5.14.jar
2024-11-25 17:33:21,384 [Worker-2: Launching mavenrun-03c3d50c-b8fb-4f00-a457-c5387e43b72a] INFO  o.eclipse.m2e.core.internal.Bundles - 	Entry: C:\Users\natheeshkumar.b\.p2\pool\plugins\org.eclipse.m2e.maven.runtime_3.9.900.20240824-1409\jars\httpcore-4.4.16.jar
2024-11-25 17:33:21,384 [Worker-2: Launching mavenrun-03c3d50c-b8fb-4f00-a457-c5387e43b72a] INFO  o.eclipse.m2e.core.internal.Bundles - 	Entry: C:\Users\natheeshkumar.b\.p2\pool\plugins\org.eclipse.m2e.maven.runtime_3.9.900.20240824-1409\jars\jansi-2.4.1.jar
2024-11-25 17:33:21,385 [Worker-2: Launching mavenrun-03c3d50c-b8fb-4f00-a457-c5387e43b72a] INFO  o.eclipse.m2e.core.internal.Bundles - 	Entry: C:\Users\natheeshkumar.b\.p2\pool\plugins\org.eclipse.m2e.maven.runtime_3.9.900.20240824-1409\jars\jcl-over-slf4j-1.7.36.jar
2024-11-25 17:33:21,386 [Worker-2: Launching mavenrun-03c3d50c-b8fb-4f00-a457-c5387e43b72a] INFO  o.eclipse.m2e.core.internal.Bundles - 	Entry: C:\Users\natheeshkumar.b\.p2\pool\plugins\org.eclipse.m2e.maven.runtime_3.9.900.20240824-1409\jars\maven-artifact-3.9.9.jar
2024-11-25 17:33:21,386 [Worker-2: Launching mavenrun-03c3d50c-b8fb-4f00-a457-c5387e43b72a] INFO  o.eclipse.m2e.core.internal.Bundles - 	Entry: C:\Users\natheeshkumar.b\.p2\pool\plugins\org.eclipse.m2e.maven.runtime_3.9.900.20240824-1409\jars\maven-builder-support-3.9.9.jar
2024-11-25 17:33:21,387 [Worker-2: Launching mavenrun-03c3d50c-b8fb-4f00-a457-c5387e43b72a] INFO  o.eclipse.m2e.core.internal.Bundles - 	Entry: C:\Users\natheeshkumar.b\.p2\pool\plugins\org.eclipse.m2e.maven.runtime_3.9.900.20240824-1409\jars\maven-compat-3.9.9.jar
2024-11-25 17:33:21,387 [Worker-2: Launching mavenrun-03c3d50c-b8fb-4f00-a457-c5387e43b72a] INFO  o.eclipse.m2e.core.internal.Bundles - 	Entry: C:\Users\natheeshkumar.b\.p2\pool\plugins\org.eclipse.m2e.maven.runtime_3.9.900.20240824-1409\jars\maven-core-3.9.9.jar
2024-11-25 17:33:21,387 [Worker-2: Launching mavenrun-03c3d50c-b8fb-4f00-a457-c5387e43b72a] INFO  o.eclipse.m2e.core.internal.Bundles - 	Entry: C:\Users\natheeshkumar.b\.p2\pool\plugins\org.eclipse.m2e.maven.runtime_3.9.900.20240824-1409\jars\maven-embedder-3.9.9.jar
2024-11-25 17:33:21,388 [Worker-2: Launching mavenrun-03c3d50c-b8fb-4f00-a457-c5387e43b72a] INFO  o.eclipse.m2e.core.internal.Bundles - 	Entry: C:\Users\natheeshkumar.b\.p2\pool\plugins\org.eclipse.m2e.maven.runtime_3.9.900.20240824-1409\jars\maven-model-3.9.9.jar
2024-11-25 17:33:21,388 [Worker-2: Launching mavenrun-03c3d50c-b8fb-4f00-a457-c5387e43b72a] INFO  o.eclipse.m2e.core.internal.Bundles - 	Entry: C:\Users\natheeshkumar.b\.p2\pool\plugins\org.eclipse.m2e.maven.runtime_3.9.900.20240824-1409\jars\maven-model-builder-3.9.9.jar
2024-11-25 17:33:21,388 [Worker-2: Launching mavenrun-03c3d50c-b8fb-4f00-a457-c5387e43b72a] INFO  o.eclipse.m2e.core.internal.Bundles - 	Entry: C:\Users\natheeshkumar.b\.p2\pool\plugins\org.eclipse.m2e.maven.runtime_3.9.900.20240824-1409\jars\maven-plugin-api-3.9.9.jar
2024-11-25 17:33:21,389 [Worker-2: Launching mavenrun-03c3d50c-b8fb-4f00-a457-c5387e43b72a] INFO  o.eclipse.m2e.core.internal.Bundles - 	Entry: C:\Users\natheeshkumar.b\.p2\pool\plugins\org.eclipse.m2e.maven.runtime_3.9.900.20240824-1409\jars\maven-repository-metadata-3.9.9.jar
2024-11-25 17:33:21,389 [Worker-2: Launching mavenrun-03c3d50c-b8fb-4f00-a457-c5387e43b72a] INFO  o.eclipse.m2e.core.internal.Bundles - 	Entry: C:\Users\natheeshkumar.b\.p2\pool\plugins\org.eclipse.m2e.maven.runtime_3.9.900.20240824-1409\jars\maven-resolver-api-1.9.22.jar
2024-11-25 17:33:21,390 [Worker-2: Launching mavenrun-03c3d50c-b8fb-4f00-a457-c5387e43b72a] INFO  o.eclipse.m2e.core.internal.Bundles - 	Entry: C:\Users\natheeshkumar.b\.p2\pool\plugins\org.eclipse.m2e.maven.runtime_3.9.900.20240824-1409\jars\maven-resolver-connector-basic-1.9.22.jar
2024-11-25 17:33:21,390 [Worker-2: Launching mavenrun-03c3d50c-b8fb-4f00-a457-c5387e43b72a] INFO  o.eclipse.m2e.core.internal.Bundles - 	Entry: C:\Users\natheeshkumar.b\.p2\pool\plugins\org.eclipse.m2e.maven.runtime_3.9.900.20240824-1409\jars\maven-resolver-impl-1.9.22.jar
2024-11-25 17:33:21,390 [Worker-2: Launching mavenrun-03c3d50c-b8fb-4f00-a457-c5387e43b72a] INFO  o.eclipse.m2e.core.internal.Bundles - 	Entry: C:\Users\natheeshkumar.b\.p2\pool\plugins\org.eclipse.m2e.maven.runtime_3.9.900.20240824-1409\jars\maven-resolver-named-locks-1.9.22.jar
2024-11-25 17:33:21,391 [Worker-2: Launching mavenrun-03c3d50c-b8fb-4f00-a457-c5387e43b72a] INFO  o.eclipse.m2e.core.internal.Bundles - 	Entry: C:\Users\natheeshkumar.b\.p2\pool\plugins\org.eclipse.m2e.maven.runtime_3.9.900.20240824-1409\jars\maven-resolver-provider-3.9.9.jar
2024-11-25 17:33:21,391 [Worker-2: Launching mavenrun-03c3d50c-b8fb-4f00-a457-c5387e43b72a] INFO  o.eclipse.m2e.core.internal.Bundles - 	Entry: C:\Users\natheeshkumar.b\.p2\pool\plugins\org.eclipse.m2e.maven.runtime_3.9.900.20240824-1409\jars\maven-resolver-spi-1.9.22.jar
2024-11-25 17:33:21,391 [Worker-2: Launching mavenrun-03c3d50c-b8fb-4f00-a457-c5387e43b72a] INFO  o.eclipse.m2e.core.internal.Bundles - 	Entry: C:\Users\natheeshkumar.b\.p2\pool\plugins\org.eclipse.m2e.maven.runtime_3.9.900.20240824-1409\jars\maven-resolver-transport-file-1.9.22.jar
2024-11-25 17:33:21,392 [Worker-2: Launching mavenrun-03c3d50c-b8fb-4f00-a457-c5387e43b72a] INFO  o.eclipse.m2e.core.internal.Bundles - 	Entry: C:\Users\natheeshkumar.b\.p2\pool\plugins\org.eclipse.m2e.maven.runtime_3.9.900.20240824-1409\jars\maven-resolver-transport-http-1.9.22.jar
2024-11-25 17:33:21,392 [Worker-2: Launching mavenrun-03c3d50c-b8fb-4f00-a457-c5387e43b72a] INFO  o.eclipse.m2e.core.internal.Bundles - 	Entry: C:\Users\natheeshkumar.b\.p2\pool\plugins\org.eclipse.m2e.maven.runtime_3.9.900.20240824-1409\jars\maven-resolver-transport-wagon-1.9.22.jar
2024-11-25 17:33:21,392 [Worker-2: Launching mavenrun-03c3d50c-b8fb-4f00-a457-c5387e43b72a] INFO  o.eclipse.m2e.core.internal.Bundles - 	Entry: C:\Users\natheeshkumar.b\.p2\pool\plugins\org.eclipse.m2e.maven.runtime_3.9.900.20240824-1409\jars\maven-resolver-util-1.9.22.jar
2024-11-25 17:33:21,393 [Worker-2: Launching mavenrun-03c3d50c-b8fb-4f00-a457-c5387e43b72a] INFO  o.eclipse.m2e.core.internal.Bundles - 	Entry: C:\Users\natheeshkumar.b\.p2\pool\plugins\org.eclipse.m2e.maven.runtime_3.9.900.20240824-1409\jars\maven-settings-3.9.9.jar
2024-11-25 17:33:21,393 [Worker-2: Launching mavenrun-03c3d50c-b8fb-4f00-a457-c5387e43b72a] INFO  o.eclipse.m2e.core.internal.Bundles - 	Entry: C:\Users\natheeshkumar.b\.p2\pool\plugins\org.eclipse.m2e.maven.runtime_3.9.900.20240824-1409\jars\maven-settings-builder-3.9.9.jar
2024-11-25 17:33:21,393 [Worker-2: Launching mavenrun-03c3d50c-b8fb-4f00-a457-c5387e43b72a] INFO  o.eclipse.m2e.core.internal.Bundles - 	Entry: C:\Users\natheeshkumar.b\.p2\pool\plugins\org.eclipse.m2e.maven.runtime_3.9.900.20240824-1409\jars\maven-shared-utils-3.4.2.jar
2024-11-25 17:33:21,394 [Worker-2: Launching mavenrun-03c3d50c-b8fb-4f00-a457-c5387e43b72a] INFO  o.eclipse.m2e.core.internal.Bundles - 	Entry: C:\Users\natheeshkumar.b\.p2\pool\plugins\org.eclipse.m2e.maven.runtime_3.9.900.20240824-1409\jars\org.eclipse.sisu.inject-0.9.0.M3.jar
2024-11-25 17:33:21,394 [Worker-2: Launching mavenrun-03c3d50c-b8fb-4f00-a457-c5387e43b72a] INFO  o.eclipse.m2e.core.internal.Bundles - 	Entry: C:\Users\natheeshkumar.b\.p2\pool\plugins\org.eclipse.m2e.maven.runtime_3.9.900.20240824-1409\jars\org.eclipse.sisu.plexus-0.9.0.M3.jar
2024-11-25 17:33:21,395 [Worker-2: Launching mavenrun-03c3d50c-b8fb-4f00-a457-c5387e43b72a] INFO  o.eclipse.m2e.core.internal.Bundles - 	Entry: C:\Users\natheeshkumar.b\.p2\pool\plugins\org.eclipse.m2e.maven.runtime_3.9.900.20240824-1409\jars\plexus-build-api-0.0.7.jar
2024-11-25 17:33:21,395 [Worker-2: Launching mavenrun-03c3d50c-b8fb-4f00-a457-c5387e43b72a] INFO  o.eclipse.m2e.core.internal.Bundles - 	Entry: C:\Users\natheeshkumar.b\.p2\pool\plugins\org.eclipse.m2e.maven.runtime_3.9.900.20240824-1409\jars\plexus-build-api-1.2.0.jar
2024-11-25 17:33:21,395 [Worker-2: Launching mavenrun-03c3d50c-b8fb-4f00-a457-c5387e43b72a] INFO  o.eclipse.m2e.core.internal.Bundles - 	Entry: C:\Users\natheeshkumar.b\.p2\pool\plugins\org.eclipse.m2e.maven.runtime_3.9.900.20240824-1409\jars\plexus-cipher-2.0.jar
2024-11-25 17:33:21,396 [Worker-2: Launching mavenrun-03c3d50c-b8fb-4f00-a457-c5387e43b72a] INFO  o.eclipse.m2e.core.internal.Bundles - 	Entry: C:\Users\natheeshkumar.b\.p2\pool\plugins\org.eclipse.m2e.maven.runtime_3.9.900.20240824-1409\jars\plexus-classworlds-2.8.0.jar
2024-11-25 17:33:21,396 [Worker-2: Launching mavenrun-03c3d50c-b8fb-4f00-a457-c5387e43b72a] INFO  o.eclipse.m2e.core.internal.Bundles - 	Entry: C:\Users\natheeshkumar.b\.p2\pool\plugins\org.eclipse.m2e.maven.runtime_3.9.900.20240824-1409\jars\plexus-component-annotations-2.1.0.jar
2024-11-25 17:33:21,397 [Worker-2: Launching mavenrun-03c3d50c-b8fb-4f00-a457-c5387e43b72a] INFO  o.eclipse.m2e.core.internal.Bundles - 	Entry: C:\Users\natheeshkumar.b\.p2\pool\plugins\org.eclipse.m2e.maven.runtime_3.9.900.20240824-1409\jars\plexus-interpolation-1.27.jar
2024-11-25 17:33:21,398 [Worker-2: Launching mavenrun-03c3d50c-b8fb-4f00-a457-c5387e43b72a] INFO  o.eclipse.m2e.core.internal.Bundles - 	Entry: C:\Users\natheeshkumar.b\.p2\pool\plugins\org.eclipse.m2e.maven.runtime_3.9.900.20240824-1409\jars\plexus-sec-dispatcher-2.0.jar
2024-11-25 17:33:21,399 [Worker-2: Launching mavenrun-03c3d50c-b8fb-4f00-a457-c5387e43b72a] INFO  o.eclipse.m2e.core.internal.Bundles - 	Entry: C:\Users\natheeshkumar.b\.p2\pool\plugins\org.eclipse.m2e.maven.runtime_3.9.900.20240824-1409\jars\plexus-utils-3.5.1.jar
2024-11-25 17:33:21,400 [Worker-2: Launching mavenrun-03c3d50c-b8fb-4f00-a457-c5387e43b72a] INFO  o.eclipse.m2e.core.internal.Bundles - 	Entry: C:\Users\natheeshkumar.b\.p2\pool\plugins\org.eclipse.m2e.maven.runtime_3.9.900.20240824-1409\jars\plexus-xml-3.0.1.jar
2024-11-25 17:33:21,400 [Worker-2: Launching mavenrun-03c3d50c-b8fb-4f00-a457-c5387e43b72a] INFO  o.eclipse.m2e.core.internal.Bundles - 	Entry: C:\Users\natheeshkumar.b\.p2\pool\plugins\org.eclipse.m2e.maven.runtime_3.9.900.20240824-1409\jars\wagon-file-3.5.3.jar
2024-11-25 17:33:21,400 [Worker-2: Launching mavenrun-03c3d50c-b8fb-4f00-a457-c5387e43b72a] INFO  o.eclipse.m2e.core.internal.Bundles - 	Entry: C:\Users\natheeshkumar.b\.p2\pool\plugins\org.eclipse.m2e.maven.runtime_3.9.900.20240824-1409\jars\wagon-http-3.5.3.jar
2024-11-25 17:33:21,401 [Worker-2: Launching mavenrun-03c3d50c-b8fb-4f00-a457-c5387e43b72a] INFO  o.eclipse.m2e.core.internal.Bundles - 	Entry: C:\Users\natheeshkumar.b\.p2\pool\plugins\org.eclipse.m2e.maven.runtime_3.9.900.20240824-1409\jars\wagon-http-shared-3.5.3.jar
2024-11-25 17:33:21,401 [Worker-2: Launching mavenrun-03c3d50c-b8fb-4f00-a457-c5387e43b72a] INFO  o.eclipse.m2e.core.internal.Bundles - 	Entry: C:\Users\natheeshkumar.b\.p2\pool\plugins\org.eclipse.m2e.maven.runtime_3.9.900.20240824-1409\jars\wagon-provider-api-3.5.3.jar
2024-11-25 17:33:21,403 [Worker-2: Launching mavenrun-03c3d50c-b8fb-4f00-a457-c5387e43b72a] INFO  o.eclipse.m2e.core.internal.Bundles - getClasspathEntries(Bundle=com.google.guava_33.3.0.jre [16])
2024-11-25 17:33:21,404 [Worker-2: Launching mavenrun-03c3d50c-b8fb-4f00-a457-c5387e43b72a] INFO  o.eclipse.m2e.core.internal.Bundles - 	Entry: C:\Users\natheeshkumar.b\.p2\pool\plugins\com.google.guava_33.3.0.jre.jar
2024-11-25 17:33:21,404 [Worker-2: Launching mavenrun-03c3d50c-b8fb-4f00-a457-c5387e43b72a] INFO  o.eclipse.m2e.core.internal.Bundles - getClasspathEntries(Bundle=slf4j.api_2.0.16 [1005])
2024-11-25 17:33:21,405 [Worker-2: Launching mavenrun-03c3d50c-b8fb-4f00-a457-c5387e43b72a] INFO  o.eclipse.m2e.core.internal.Bundles - 	Entry: C:\Users\natheeshkumar.b\.p2\pool\plugins\slf4j.api_2.0.16.jar
2024-11-25 17:33:21,405 [Worker-2: Launching mavenrun-03c3d50c-b8fb-4f00-a457-c5387e43b72a] INFO  o.eclipse.m2e.core.internal.Bundles - getClasspathEntries(Bundle=jakarta.inject.jakarta.inject-api_1.0.5 [34])
2024-11-25 17:33:21,406 [Worker-2: Launching mavenrun-03c3d50c-b8fb-4f00-a457-c5387e43b72a] INFO  o.eclipse.m2e.core.internal.Bundles - 	Entry: C:\Users\natheeshkumar.b\.p2\pool\plugins\jakarta.inject.jakarta.inject-api_1.0.5.jar
2024-11-25 17:33:21,406 [Worker-2: Launching mavenrun-03c3d50c-b8fb-4f00-a457-c5387e43b72a] INFO  o.eclipse.m2e.core.internal.Bundles - getClasspathEntries(Bundle=jakarta.annotation-api_1.3.5 [29])
2024-11-25 17:33:21,407 [Worker-2: Launching mavenrun-03c3d50c-b8fb-4f00-a457-c5387e43b72a] INFO  o.eclipse.m2e.core.internal.Bundles - 	Entry: C:\Users\natheeshkumar.b\.p2\pool\plugins\jakarta.annotation-api_1.3.5.jar
2024-11-25 17:33:21,407 [Worker-2: Launching mavenrun-03c3d50c-b8fb-4f00-a457-c5387e43b72a] INFO  o.eclipse.m2e.core.internal.Bundles - getClasspathEntries(Bundle=org.apache.commons.cli_1.9.0 [78])
2024-11-25 17:33:21,408 [Worker-2: Launching mavenrun-03c3d50c-b8fb-4f00-a457-c5387e43b72a] INFO  o.eclipse.m2e.core.internal.Bundles - 	Entry: C:\Users\natheeshkumar.b\.p2\pool\plugins\org.apache.commons.cli_1.9.0.jar
2024-11-25 17:33:21,408 [Worker-2: Launching mavenrun-03c3d50c-b8fb-4f00-a457-c5387e43b72a] INFO  o.eclipse.m2e.core.internal.Bundles - getClasspathEntries(Bundle=org.apache.commons.commons-codec_1.16.0 [81])
2024-11-25 17:33:21,409 [Worker-2: Launching mavenrun-03c3d50c-b8fb-4f00-a457-c5387e43b72a] INFO  o.eclipse.m2e.core.internal.Bundles - 	Entry: C:\Users\natheeshkumar.b\.p2\pool\plugins\org.apache.commons.commons-codec_1.16.0.jar
2024-11-25 17:33:21,409 [Worker-2: Launching mavenrun-03c3d50c-b8fb-4f00-a457-c5387e43b72a] INFO  o.eclipse.m2e.core.internal.Bundles - getClasspathEntries(Bundle=com.google.guava.failureaccess_1.0.2 [17])
2024-11-25 17:33:21,409 [Worker-2: Launching mavenrun-03c3d50c-b8fb-4f00-a457-c5387e43b72a] INFO  o.eclipse.m2e.core.internal.Bundles - 	Entry: C:\Users\natheeshkumar.b\.p2\pool\plugins\com.google.guava.failureaccess_1.0.2.jar
2024-11-25 17:33:21,425 [Worker-2: Launching mavenrun-03c3d50c-b8fb-4f00-a457-c5387e43b72a] INFO  o.e.m.i.launch.MavenLaunchDelegate - Run build in "C:\Users\NATHEE~1.B\AppData\Local\Temp\m2e-archetypeGenerator14244636155189056999":
2024-11-25 17:33:21,433 [Worker-2: Launching mavenrun-03c3d50c-b8fb-4f00-a457-c5387e43b72a] INFO  o.e.m.i.launch.MavenLaunchDelegate -  mvn  -DarchetypeGroupId=org.apache.maven.archetypes -DarchetypeArtifactId=maven-archetype-quickstart -DarchetypeVersion=1.1 -DgroupId=SeliniumCucumber -DartifactId=SeliniumCucumber -Dversion=0.0.1-SNAPSHOT -Dpackage=com.quizapp -DoutputDirectory=C:\learning\SeliniumCuccumberEclipse -Dstyle.color=always -U archetype:generate
2024-11-25 17:34:28,197 [Worker-7: Creating maven-archetype-quickstart] INFO  o.e.m.c.i.p.ProjectConfigurationManager - Collecting project info '/pom.xml' C:\learning\SeliniumCuccumberEclipse\SeliniumCucumber\pom.xml
2024-11-25 17:34:30,911 [Worker-7: Creating maven-archetype-quickstart] INFO  o.e.m.c.i.l.LifecycleMappingFactory - Using org.eclipse.m2e.jdt.JarLifecycleMapping lifecycle mapping for MavenProject: SeliniumCucumber:SeliniumCucumber:0.0.1-SNAPSHOT @ C:\learning\SeliniumCuccumberEclipse\SeliniumCucumber\pom.xml.
2024-11-25 17:34:33,246 [Worker-7: Creating maven-archetype-quickstart] INFO  o.e.m.j.i.AbstractJavaProjectConfigurator - Adding source folder /SeliniumCucumber/src/main/java
2024-11-25 17:34:33,251 [Worker-7: Creating maven-archetype-quickstart] INFO  o.e.m.j.i.AbstractJavaProjectConfigurator - Adding resource folder /SeliniumCucumber/src/main/resources
2024-11-25 17:34:33,274 [Worker-7: Creating maven-archetype-quickstart] INFO  o.e.m.j.i.AbstractJavaProjectConfigurator - Adding source folder /SeliniumCucumber/src/test/java
2024-11-25 17:34:33,278 [Worker-7: Creating maven-archetype-quickstart] INFO  o.e.m.j.i.AbstractJavaProjectConfigurator - Adding resource folder /SeliniumCucumber/src/test/resources
2024-11-25 17:34:33,626 [Worker-7: Creating maven-archetype-quickstart] INFO  o.e.m.c.i.p.ProjectConfigurationManager - Imported and configured 1 project(s) in 5 sec
2024-11-25 17:34:35,482 [Worker-15: Building] INFO  o.a.m.s.f.DefaultMavenResourcesFiltering - skip non existing resourceDirectory C:\learning\SeliniumCuccumberEclipse\SeliniumCucumber\src\main\resources
2024-11-25 17:34:35,490 [Worker-15: Building] INFO  o.a.m.s.f.DefaultMavenResourcesFiltering - skip non existing resourceDirectory C:\learning\SeliniumCuccumberEclipse\SeliniumCucumber\src\test\resources
