2024-11-25 10:39:18,783 [Worker-4: Loading available Gradle versions] INFO  o.e.b.c.i.u.g.PublishedGradleVersions - Gradle version information cache is out-of-date. Trying to update.
2024-11-25 10:41:03,269 [Worker-10: Launching mavenrun-f2e9989c-b809-49d3-88e6-383a07520a2b] INFO  o.eclipse.m2e.core.internal.Bundles - getClasspathEntries(Bundle=org.eclipse.m2e.maven.runtime_3.9.900.20240824-1409 [640])
2024-11-25 10:41:03,274 [Worker-10: Launching mavenrun-f2e9989c-b809-49d3-88e6-383a07520a2b] INFO  o.eclipse.m2e.core.internal.Bundles - 	Entry: C:\Users\natheeshkumar.b\.p2\pool\plugins\org.eclipse.m2e.maven.runtime_3.9.900.20240824-1409
2024-11-25 10:41:03,275 [Worker-10: Launching mavenrun-f2e9989c-b809-49d3-88e6-383a07520a2b] INFO  o.eclipse.m2e.core.internal.Bundles - 	Entry: C:\Users\natheeshkumar.b\.p2\pool\plugins\org.eclipse.m2e.maven.runtime_3.9.900.20240824-1409\jars\aopalliance-1.0.jar
2024-11-25 10:41:03,276 [Worker-10: Launching mavenrun-f2e9989c-b809-49d3-88e6-383a07520a2b] INFO  o.eclipse.m2e.core.internal.Bundles - 	Entry: C:\Users\natheeshkumar.b\.p2\pool\plugins\org.eclipse.m2e.maven.runtime_3.9.900.20240824-1409\jars\guice-5.1.0.jar
2024-11-25 10:41:03,276 [Worker-10: Launching mavenrun-f2e9989c-b809-49d3-88e6-383a07520a2b] INFO  o.eclipse.m2e.core.internal.Bundles - 	Entry: C:\Users\natheeshkumar.b\.p2\pool\plugins\org.eclipse.m2e.maven.runtime_3.9.900.20240824-1409\jars\httpclient-4.5.14.jar
2024-11-25 10:41:03,277 [Worker-10: Launching mavenrun-f2e9989c-b809-49d3-88e6-383a07520a2b] INFO  o.eclipse.m2e.core.internal.Bundles - 	Entry: C:\Users\natheeshkumar.b\.p2\pool\plugins\org.eclipse.m2e.maven.runtime_3.9.900.20240824-1409\jars\httpcore-4.4.16.jar
2024-11-25 10:41:03,277 [Worker-10: Launching mavenrun-f2e9989c-b809-49d3-88e6-383a07520a2b] INFO  o.eclipse.m2e.core.internal.Bundles - 	Entry: C:\Users\natheeshkumar.b\.p2\pool\plugins\org.eclipse.m2e.maven.runtime_3.9.900.20240824-1409\jars\jansi-2.4.1.jar
2024-11-25 10:41:03,278 [Worker-10: Launching mavenrun-f2e9989c-b809-49d3-88e6-383a07520a2b] INFO  o.eclipse.m2e.core.internal.Bundles - 	Entry: C:\Users\natheeshkumar.b\.p2\pool\plugins\org.eclipse.m2e.maven.runtime_3.9.900.20240824-1409\jars\jcl-over-slf4j-1.7.36.jar
2024-11-25 10:41:03,278 [Worker-10: Launching mavenrun-f2e9989c-b809-49d3-88e6-383a07520a2b] INFO  o.eclipse.m2e.core.internal.Bundles - 	Entry: C:\Users\natheeshkumar.b\.p2\pool\plugins\org.eclipse.m2e.maven.runtime_3.9.900.20240824-1409\jars\maven-artifact-3.9.9.jar
2024-11-25 10:41:03,279 [Worker-10: Launching mavenrun-f2e9989c-b809-49d3-88e6-383a07520a2b] INFO  o.eclipse.m2e.core.internal.Bundles - 	Entry: C:\Users\natheeshkumar.b\.p2\pool\plugins\org.eclipse.m2e.maven.runtime_3.9.900.20240824-1409\jars\maven-builder-support-3.9.9.jar
2024-11-25 10:41:03,279 [Worker-10: Launching mavenrun-f2e9989c-b809-49d3-88e6-383a07520a2b] INFO  o.eclipse.m2e.core.internal.Bundles - 	Entry: C:\Users\natheeshkumar.b\.p2\pool\plugins\org.eclipse.m2e.maven.runtime_3.9.900.20240824-1409\jars\maven-compat-3.9.9.jar
2024-11-25 10:41:03,280 [Worker-10: Launching mavenrun-f2e9989c-b809-49d3-88e6-383a07520a2b] INFO  o.eclipse.m2e.core.internal.Bundles - 	Entry: C:\Users\natheeshkumar.b\.p2\pool\plugins\org.eclipse.m2e.maven.runtime_3.9.900.20240824-1409\jars\maven-core-3.9.9.jar
2024-11-25 10:41:03,280 [Worker-10: Launching mavenrun-f2e9989c-b809-49d3-88e6-383a07520a2b] INFO  o.eclipse.m2e.core.internal.Bundles - 	Entry: C:\Users\natheeshkumar.b\.p2\pool\plugins\org.eclipse.m2e.maven.runtime_3.9.900.20240824-1409\jars\maven-embedder-3.9.9.jar
2024-11-25 10:41:03,281 [Worker-10: Launching mavenrun-f2e9989c-b809-49d3-88e6-383a07520a2b] INFO  o.eclipse.m2e.core.internal.Bundles - 	Entry: C:\Users\natheeshkumar.b\.p2\pool\plugins\org.eclipse.m2e.maven.runtime_3.9.900.20240824-1409\jars\maven-model-3.9.9.jar
2024-11-25 10:41:03,281 [Worker-10: Launching mavenrun-f2e9989c-b809-49d3-88e6-383a07520a2b] INFO  o.eclipse.m2e.core.internal.Bundles - 	Entry: C:\Users\natheeshkumar.b\.p2\pool\plugins\org.eclipse.m2e.maven.runtime_3.9.900.20240824-1409\jars\maven-model-builder-3.9.9.jar
2024-11-25 10:41:03,282 [Worker-10: Launching mavenrun-f2e9989c-b809-49d3-88e6-383a07520a2b] INFO  o.eclipse.m2e.core.internal.Bundles - 	Entry: C:\Users\natheeshkumar.b\.p2\pool\plugins\org.eclipse.m2e.maven.runtime_3.9.900.20240824-1409\jars\maven-plugin-api-3.9.9.jar
2024-11-25 10:41:03,282 [Worker-10: Launching mavenrun-f2e9989c-b809-49d3-88e6-383a07520a2b] INFO  o.eclipse.m2e.core.internal.Bundles - 	Entry: C:\Users\natheeshkumar.b\.p2\pool\plugins\org.eclipse.m2e.maven.runtime_3.9.900.20240824-1409\jars\maven-repository-metadata-3.9.9.jar
2024-11-25 10:41:03,283 [Worker-10: Launching mavenrun-f2e9989c-b809-49d3-88e6-383a07520a2b] INFO  o.eclipse.m2e.core.internal.Bundles - 	Entry: C:\Users\natheeshkumar.b\.p2\pool\plugins\org.eclipse.m2e.maven.runtime_3.9.900.20240824-1409\jars\maven-resolver-api-1.9.22.jar
2024-11-25 10:41:03,283 [Worker-10: Launching mavenrun-f2e9989c-b809-49d3-88e6-383a07520a2b] INFO  o.eclipse.m2e.core.internal.Bundles - 	Entry: C:\Users\natheeshkumar.b\.p2\pool\plugins\org.eclipse.m2e.maven.runtime_3.9.900.20240824-1409\jars\maven-resolver-connector-basic-1.9.22.jar
2024-11-25 10:41:03,284 [Worker-10: Launching mavenrun-f2e9989c-b809-49d3-88e6-383a07520a2b] INFO  o.eclipse.m2e.core.internal.Bundles - 	Entry: C:\Users\natheeshkumar.b\.p2\pool\plugins\org.eclipse.m2e.maven.runtime_3.9.900.20240824-1409\jars\maven-resolver-impl-1.9.22.jar
2024-11-25 10:41:03,284 [Worker-10: Launching mavenrun-f2e9989c-b809-49d3-88e6-383a07520a2b] INFO  o.eclipse.m2e.core.internal.Bundles - 	Entry: C:\Users\natheeshkumar.b\.p2\pool\plugins\org.eclipse.m2e.maven.runtime_3.9.900.20240824-1409\jars\maven-resolver-named-locks-1.9.22.jar
2024-11-25 10:41:03,285 [Worker-10: Launching mavenrun-f2e9989c-b809-49d3-88e6-383a07520a2b] INFO  o.eclipse.m2e.core.internal.Bundles - 	Entry: C:\Users\natheeshkumar.b\.p2\pool\plugins\org.eclipse.m2e.maven.runtime_3.9.900.20240824-1409\jars\maven-resolver-provider-3.9.9.jar
2024-11-25 10:41:03,285 [Worker-10: Launching mavenrun-f2e9989c-b809-49d3-88e6-383a07520a2b] INFO  o.eclipse.m2e.core.internal.Bundles - 	Entry: C:\Users\natheeshkumar.b\.p2\pool\plugins\org.eclipse.m2e.maven.runtime_3.9.900.20240824-1409\jars\maven-resolver-spi-1.9.22.jar
2024-11-25 10:41:03,285 [Worker-10: Launching mavenrun-f2e9989c-b809-49d3-88e6-383a07520a2b] INFO  o.eclipse.m2e.core.internal.Bundles - 	Entry: C:\Users\natheeshkumar.b\.p2\pool\plugins\org.eclipse.m2e.maven.runtime_3.9.900.20240824-1409\jars\maven-resolver-transport-file-1.9.22.jar
2024-11-25 10:41:03,286 [Worker-10: Launching mavenrun-f2e9989c-b809-49d3-88e6-383a07520a2b] INFO  o.eclipse.m2e.core.internal.Bundles - 	Entry: C:\Users\natheeshkumar.b\.p2\pool\plugins\org.eclipse.m2e.maven.runtime_3.9.900.20240824-1409\jars\maven-resolver-transport-http-1.9.22.jar
2024-11-25 10:41:03,286 [Worker-10: Launching mavenrun-f2e9989c-b809-49d3-88e6-383a07520a2b] INFO  o.eclipse.m2e.core.internal.Bundles - 	Entry: C:\Users\natheeshkumar.b\.p2\pool\plugins\org.eclipse.m2e.maven.runtime_3.9.900.20240824-1409\jars\maven-resolver-transport-wagon-1.9.22.jar
2024-11-25 10:41:03,287 [Worker-10: Launching mavenrun-f2e9989c-b809-49d3-88e6-383a07520a2b] INFO  o.eclipse.m2e.core.internal.Bundles - 	Entry: C:\Users\natheeshkumar.b\.p2\pool\plugins\org.eclipse.m2e.maven.runtime_3.9.900.20240824-1409\jars\maven-resolver-util-1.9.22.jar
2024-11-25 10:41:03,287 [Worker-10: Launching mavenrun-f2e9989c-b809-49d3-88e6-383a07520a2b] INFO  o.eclipse.m2e.core.internal.Bundles - 	Entry: C:\Users\natheeshkumar.b\.p2\pool\plugins\org.eclipse.m2e.maven.runtime_3.9.900.20240824-1409\jars\maven-settings-3.9.9.jar
2024-11-25 10:41:03,288 [Worker-10: Launching mavenrun-f2e9989c-b809-49d3-88e6-383a07520a2b] INFO  o.eclipse.m2e.core.internal.Bundles - 	Entry: C:\Users\natheeshkumar.b\.p2\pool\plugins\org.eclipse.m2e.maven.runtime_3.9.900.20240824-1409\jars\maven-settings-builder-3.9.9.jar
2024-11-25 10:41:03,288 [Worker-10: Launching mavenrun-f2e9989c-b809-49d3-88e6-383a07520a2b] INFO  o.eclipse.m2e.core.internal.Bundles - 	Entry: C:\Users\natheeshkumar.b\.p2\pool\plugins\org.eclipse.m2e.maven.runtime_3.9.900.20240824-1409\jars\maven-shared-utils-3.4.2.jar
2024-11-25 10:41:03,289 [Worker-10: Launching mavenrun-f2e9989c-b809-49d3-88e6-383a07520a2b] INFO  o.eclipse.m2e.core.internal.Bundles - 	Entry: C:\Users\natheeshkumar.b\.p2\pool\plugins\org.eclipse.m2e.maven.runtime_3.9.900.20240824-1409\jars\org.eclipse.sisu.inject-0.9.0.M3.jar
2024-11-25 10:41:03,289 [Worker-10: Launching mavenrun-f2e9989c-b809-49d3-88e6-383a07520a2b] INFO  o.eclipse.m2e.core.internal.Bundles - 	Entry: C:\Users\natheeshkumar.b\.p2\pool\plugins\org.eclipse.m2e.maven.runtime_3.9.900.20240824-1409\jars\org.eclipse.sisu.plexus-0.9.0.M3.jar
2024-11-25 10:41:03,290 [Worker-10: Launching mavenrun-f2e9989c-b809-49d3-88e6-383a07520a2b] INFO  o.eclipse.m2e.core.internal.Bundles - 	Entry: C:\Users\natheeshkumar.b\.p2\pool\plugins\org.eclipse.m2e.maven.runtime_3.9.900.20240824-1409\jars\plexus-build-api-0.0.7.jar
2024-11-25 10:41:03,291 [Worker-10: Launching mavenrun-f2e9989c-b809-49d3-88e6-383a07520a2b] INFO  o.eclipse.m2e.core.internal.Bundles - 	Entry: C:\Users\natheeshkumar.b\.p2\pool\plugins\org.eclipse.m2e.maven.runtime_3.9.900.20240824-1409\jars\plexus-build-api-1.2.0.jar
2024-11-25 10:41:03,291 [Worker-10: Launching mavenrun-f2e9989c-b809-49d3-88e6-383a07520a2b] INFO  o.eclipse.m2e.core.internal.Bundles - 	Entry: C:\Users\natheeshkumar.b\.p2\pool\plugins\org.eclipse.m2e.maven.runtime_3.9.900.20240824-1409\jars\plexus-cipher-2.0.jar
2024-11-25 10:41:03,292 [Worker-10: Launching mavenrun-f2e9989c-b809-49d3-88e6-383a07520a2b] INFO  o.eclipse.m2e.core.internal.Bundles - 	Entry: C:\Users\natheeshkumar.b\.p2\pool\plugins\org.eclipse.m2e.maven.runtime_3.9.900.20240824-1409\jars\plexus-classworlds-2.8.0.jar
2024-11-25 10:41:03,292 [Worker-10: Launching mavenrun-f2e9989c-b809-49d3-88e6-383a07520a2b] INFO  o.eclipse.m2e.core.internal.Bundles - 	Entry: C:\Users\natheeshkumar.b\.p2\pool\plugins\org.eclipse.m2e.maven.runtime_3.9.900.20240824-1409\jars\plexus-component-annotations-2.1.0.jar
2024-11-25 10:41:03,293 [Worker-10: Launching mavenrun-f2e9989c-b809-49d3-88e6-383a07520a2b] INFO  o.eclipse.m2e.core.internal.Bundles - 	Entry: C:\Users\natheeshkumar.b\.p2\pool\plugins\org.eclipse.m2e.maven.runtime_3.9.900.20240824-1409\jars\plexus-interpolation-1.27.jar
2024-11-25 10:41:03,294 [Worker-10: Launching mavenrun-f2e9989c-b809-49d3-88e6-383a07520a2b] INFO  o.eclipse.m2e.core.internal.Bundles - 	Entry: C:\Users\natheeshkumar.b\.p2\pool\plugins\org.eclipse.m2e.maven.runtime_3.9.900.20240824-1409\jars\plexus-sec-dispatcher-2.0.jar
2024-11-25 10:41:03,295 [Worker-10: Launching mavenrun-f2e9989c-b809-49d3-88e6-383a07520a2b] INFO  o.eclipse.m2e.core.internal.Bundles - 	Entry: C:\Users\natheeshkumar.b\.p2\pool\plugins\org.eclipse.m2e.maven.runtime_3.9.900.20240824-1409\jars\plexus-utils-3.5.1.jar
2024-11-25 10:41:03,295 [Worker-10: Launching mavenrun-f2e9989c-b809-49d3-88e6-383a07520a2b] INFO  o.eclipse.m2e.core.internal.Bundles - 	Entry: C:\Users\natheeshkumar.b\.p2\pool\plugins\org.eclipse.m2e.maven.runtime_3.9.900.20240824-1409\jars\plexus-xml-3.0.1.jar
2024-11-25 10:41:03,296 [Worker-10: Launching mavenrun-f2e9989c-b809-49d3-88e6-383a07520a2b] INFO  o.eclipse.m2e.core.internal.Bundles - 	Entry: C:\Users\natheeshkumar.b\.p2\pool\plugins\org.eclipse.m2e.maven.runtime_3.9.900.20240824-1409\jars\wagon-file-3.5.3.jar
2024-11-25 10:41:03,296 [Worker-10: Launching mavenrun-f2e9989c-b809-49d3-88e6-383a07520a2b] INFO  o.eclipse.m2e.core.internal.Bundles - 	Entry: C:\Users\natheeshkumar.b\.p2\pool\plugins\org.eclipse.m2e.maven.runtime_3.9.900.20240824-1409\jars\wagon-http-3.5.3.jar
2024-11-25 10:41:03,297 [Worker-10: Launching mavenrun-f2e9989c-b809-49d3-88e6-383a07520a2b] INFO  o.eclipse.m2e.core.internal.Bundles - 	Entry: C:\Users\natheeshkumar.b\.p2\pool\plugins\org.eclipse.m2e.maven.runtime_3.9.900.20240824-1409\jars\wagon-http-shared-3.5.3.jar
2024-11-25 10:41:03,297 [Worker-10: Launching mavenrun-f2e9989c-b809-49d3-88e6-383a07520a2b] INFO  o.eclipse.m2e.core.internal.Bundles - 	Entry: C:\Users\natheeshkumar.b\.p2\pool\plugins\org.eclipse.m2e.maven.runtime_3.9.900.20240824-1409\jars\wagon-provider-api-3.5.3.jar
2024-11-25 10:41:03,300 [Worker-10: Launching mavenrun-f2e9989c-b809-49d3-88e6-383a07520a2b] INFO  o.eclipse.m2e.core.internal.Bundles - getClasspathEntries(Bundle=com.google.guava_33.3.0.jre [16])
2024-11-25 10:41:03,301 [Worker-10: Launching mavenrun-f2e9989c-b809-49d3-88e6-383a07520a2b] INFO  o.eclipse.m2e.core.internal.Bundles - 	Entry: C:\Users\natheeshkumar.b\.p2\pool\plugins\com.google.guava_33.3.0.jre.jar
2024-11-25 10:41:03,302 [Worker-10: Launching mavenrun-f2e9989c-b809-49d3-88e6-383a07520a2b] INFO  o.eclipse.m2e.core.internal.Bundles - getClasspathEntries(Bundle=slf4j.api_2.0.16 [1005])
2024-11-25 10:41:03,303 [Worker-10: Launching mavenrun-f2e9989c-b809-49d3-88e6-383a07520a2b] INFO  o.eclipse.m2e.core.internal.Bundles - 	Entry: C:\Users\natheeshkumar.b\.p2\pool\plugins\slf4j.api_2.0.16.jar
2024-11-25 10:41:03,303 [Worker-10: Launching mavenrun-f2e9989c-b809-49d3-88e6-383a07520a2b] INFO  o.eclipse.m2e.core.internal.Bundles - getClasspathEntries(Bundle=jakarta.inject.jakarta.inject-api_1.0.5 [34])
2024-11-25 10:41:03,304 [Worker-10: Launching mavenrun-f2e9989c-b809-49d3-88e6-383a07520a2b] INFO  o.eclipse.m2e.core.internal.Bundles - 	Entry: C:\Users\natheeshkumar.b\.p2\pool\plugins\jakarta.inject.jakarta.inject-api_1.0.5.jar
2024-11-25 10:41:03,304 [Worker-10: Launching mavenrun-f2e9989c-b809-49d3-88e6-383a07520a2b] INFO  o.eclipse.m2e.core.internal.Bundles - getClasspathEntries(Bundle=jakarta.annotation-api_1.3.5 [29])
2024-11-25 10:41:03,306 [Worker-10: Launching mavenrun-f2e9989c-b809-49d3-88e6-383a07520a2b] INFO  o.eclipse.m2e.core.internal.Bundles - 	Entry: C:\Users\natheeshkumar.b\.p2\pool\plugins\jakarta.annotation-api_1.3.5.jar
2024-11-25 10:41:03,306 [Worker-10: Launching mavenrun-f2e9989c-b809-49d3-88e6-383a07520a2b] INFO  o.eclipse.m2e.core.internal.Bundles - getClasspathEntries(Bundle=org.apache.commons.cli_1.9.0 [78])
2024-11-25 10:41:03,307 [Worker-10: Launching mavenrun-f2e9989c-b809-49d3-88e6-383a07520a2b] INFO  o.eclipse.m2e.core.internal.Bundles - 	Entry: C:\Users\natheeshkumar.b\.p2\pool\plugins\org.apache.commons.cli_1.9.0.jar
2024-11-25 10:41:03,307 [Worker-10: Launching mavenrun-f2e9989c-b809-49d3-88e6-383a07520a2b] INFO  o.eclipse.m2e.core.internal.Bundles - getClasspathEntries(Bundle=org.apache.commons.commons-codec_1.16.0 [81])
2024-11-25 10:41:03,308 [Worker-10: Launching mavenrun-f2e9989c-b809-49d3-88e6-383a07520a2b] INFO  o.eclipse.m2e.core.internal.Bundles - 	Entry: C:\Users\natheeshkumar.b\.p2\pool\plugins\org.apache.commons.commons-codec_1.16.0.jar
2024-11-25 10:41:03,308 [Worker-10: Launching mavenrun-f2e9989c-b809-49d3-88e6-383a07520a2b] INFO  o.eclipse.m2e.core.internal.Bundles - getClasspathEntries(Bundle=com.google.guava.failureaccess_1.0.2 [17])
2024-11-25 10:41:03,309 [Worker-10: Launching mavenrun-f2e9989c-b809-49d3-88e6-383a07520a2b] INFO  o.eclipse.m2e.core.internal.Bundles - 	Entry: C:\Users\natheeshkumar.b\.p2\pool\plugins\com.google.guava.failureaccess_1.0.2.jar
2024-11-25 10:41:03,325 [Worker-10: Launching mavenrun-f2e9989c-b809-49d3-88e6-383a07520a2b] INFO  o.e.m.i.launch.MavenLaunchDelegate - Run build in "C:\Users\NATHEE~1.B\AppData\Local\Temp\m2e-archetypeGenerator2567617311275966848":
2024-11-25 10:41:03,359 [Worker-10: Launching mavenrun-f2e9989c-b809-49d3-88e6-383a07520a2b] INFO  o.e.m.i.launch.MavenLaunchDelegate -  mvn  -DarchetypeGroupId=org.apache.maven.archetypes -DarchetypeArtifactId=maven-archetype-quickstart -DarchetypeVersion=1.1 -DgroupId=QuizAppTestCases -DartifactId=QuizAppTestCases -Dversion=0.0.1-SNAPSHOT -Dpackage=com.UnitTestCase -DoutputDirectory=C:\learning\junit -Dstyle.color=always -U archetype:generate
2024-11-25 10:41:49,031 [Worker-3: Creating maven-archetype-quickstart] INFO  o.e.m.c.i.p.ProjectConfigurationManager - Collecting project info '/pom.xml' C:\learning\junit\QuizAppTestCases\pom.xml
2024-11-25 10:41:51,902 [Worker-3: Creating maven-archetype-quickstart] INFO  o.e.m.c.i.l.LifecycleMappingFactory - Using org.eclipse.m2e.jdt.JarLifecycleMapping lifecycle mapping for MavenProject: QuizAppTestCases:QuizAppTestCases:0.0.1-SNAPSHOT @ C:\learning\junit\QuizAppTestCases\pom.xml.
2024-11-25 10:41:55,250 [Worker-3: Creating maven-archetype-quickstart] INFO  o.e.m.j.i.AbstractJavaProjectConfigurator - Adding source folder /QuizAppTestCases/src/main/java
2024-11-25 10:41:55,254 [Worker-3: Creating maven-archetype-quickstart] INFO  o.e.m.j.i.AbstractJavaProjectConfigurator - Adding resource folder /QuizAppTestCases/src/main/resources
2024-11-25 10:41:55,277 [Worker-3: Creating maven-archetype-quickstart] INFO  o.e.m.j.i.AbstractJavaProjectConfigurator - Adding source folder /QuizAppTestCases/src/test/java
2024-11-25 10:41:55,279 [Worker-3: Creating maven-archetype-quickstart] INFO  o.e.m.j.i.AbstractJavaProjectConfigurator - Adding resource folder /QuizAppTestCases/src/test/resources
2024-11-25 10:41:56,053 [Worker-3: Creating maven-archetype-quickstart] INFO  o.e.m.c.i.p.ProjectConfigurationManager - Imported and configured 1 project(s) in 6 sec
2024-11-25 10:41:59,092 [Worker-0: Building] INFO  o.a.m.s.f.DefaultMavenResourcesFiltering - skip non existing resourceDirectory C:\learning\junit\QuizAppTestCases\src\main\resources
2024-11-25 10:41:59,100 [Worker-0: Building] INFO  o.a.m.s.f.DefaultMavenResourcesFiltering - skip non existing resourceDirectory C:\learning\junit\QuizAppTestCases\src\test\resources
2024-11-25 10:43:05,085 [Worker-10: Building] INFO  o.a.m.s.f.DefaultMavenResourcesFiltering - skip non existing resourceDirectory C:\learning\junit\QuizAppTestCases\src\main\resources
2024-11-25 10:43:05,091 [Worker-10: Building] INFO  o.a.m.s.f.DefaultMavenResourcesFiltering - skip non existing resourceDirectory C:\learning\junit\QuizAppTestCases\src\test\resources
2024-11-25 10:45:25,258 [Worker-16: Building] INFO  o.e.m.c.i.l.LifecycleMappingFactory - Using org.eclipse.m2e.jdt.JarLifecycleMapping lifecycle mapping for MavenProject: QuizAppTestCases:QuizAppTestCases:0.0.1-SNAPSHOT @ C:\learning\junit\QuizAppTestCases\pom.xml.
2024-11-25 10:45:25,405 [Worker-16: Building] INFO  o.e.m.c.i.e.AbstractTransferListenerAdapter - Downloading https://repo.maven.apache.org/maven2/org/junit/jupiter/junit-jupiter-engine/5.10.2/junit-jupiter-engine-5.10.2.pom
2024-11-25 10:45:25,490 [Worker-16: Building] INFO  o.e.m.c.i.e.AbstractTransferListenerAdapter - Downloaded https://repo.maven.apache.org/maven2/org/junit/jupiter/junit-jupiter-engine/5.10.2/junit-jupiter-engine-5.10.2.pom
2024-11-25 10:45:25,541 [Worker-16: Building] INFO  o.e.m.c.i.e.AbstractTransferListenerAdapter - Downloading https://repo.maven.apache.org/maven2/org/junit/platform/junit-platform-engine/1.10.2/junit-platform-engine-1.10.2.pom
2024-11-25 10:45:25,614 [Worker-16: Building] INFO  o.e.m.c.i.e.AbstractTransferListenerAdapter - Downloaded https://repo.maven.apache.org/maven2/org/junit/platform/junit-platform-engine/1.10.2/junit-platform-engine-1.10.2.pom
2024-11-25 10:45:25,664 [Worker-16: Building] INFO  o.e.m.c.i.e.AbstractTransferListenerAdapter - Downloading https://repo.maven.apache.org/maven2/org/opentest4j/opentest4j/1.3.0/opentest4j-1.3.0.pom
2024-11-25 10:45:25,724 [Worker-16: Building] INFO  o.e.m.c.i.e.AbstractTransferListenerAdapter - Downloaded https://repo.maven.apache.org/maven2/org/opentest4j/opentest4j/1.3.0/opentest4j-1.3.0.pom
2024-11-25 10:45:25,768 [Worker-16: Building] INFO  o.e.m.c.i.e.AbstractTransferListenerAdapter - Downloading https://repo.maven.apache.org/maven2/org/junit/platform/junit-platform-commons/1.10.2/junit-platform-commons-1.10.2.pom
2024-11-25 10:45:25,840 [Worker-16: Building] INFO  o.e.m.c.i.e.AbstractTransferListenerAdapter - Downloaded https://repo.maven.apache.org/maven2/org/junit/platform/junit-platform-commons/1.10.2/junit-platform-commons-1.10.2.pom
2024-11-25 10:45:26,129 [Worker-16: Building] INFO  o.e.m.c.i.e.AbstractTransferListenerAdapter - Downloading https://repo.maven.apache.org/maven2/org/apiguardian/apiguardian-api/1.1.2/apiguardian-api-1.1.2.pom
2024-11-25 10:45:26,188 [Worker-16: Building] INFO  o.e.m.c.i.e.AbstractTransferListenerAdapter - Downloaded https://repo.maven.apache.org/maven2/org/apiguardian/apiguardian-api/1.1.2/apiguardian-api-1.1.2.pom
2024-11-25 10:45:26,234 [Worker-16: Building] INFO  o.e.m.c.i.e.AbstractTransferListenerAdapter - Downloading https://repo.maven.apache.org/maven2/org/junit/jupiter/junit-jupiter-api/5.10.2/junit-jupiter-api-5.10.2.pom
2024-11-25 10:45:26,309 [Worker-16: Building] INFO  o.e.m.c.i.e.AbstractTransferListenerAdapter - Downloaded https://repo.maven.apache.org/maven2/org/junit/jupiter/junit-jupiter-api/5.10.2/junit-jupiter-api-5.10.2.pom
2024-11-25 10:45:26,389 [Worker-16: Building] INFO  o.e.m.c.i.e.AbstractTransferListenerAdapter - Downloading https://repo.maven.apache.org/maven2/org/junit/jupiter/junit-jupiter-engine/5.10.2/junit-jupiter-engine-5.10.2.jar
2024-11-25 10:45:26,593 [Worker-16: Building] INFO  o.e.m.c.i.e.AbstractTransferListenerAdapter - Downloaded https://repo.maven.apache.org/maven2/org/junit/jupiter/junit-jupiter-engine/5.10.2/junit-jupiter-engine-5.10.2.jar
2024-11-25 10:45:26,616 [BasicRepositoryConnector-repo.maven.apache.org-0-1] INFO  o.e.m.c.i.e.AbstractTransferListenerAdapter - Downloading https://repo.maven.apache.org/maven2/org/opentest4j/opentest4j/1.3.0/opentest4j-1.3.0.jar
2024-11-25 10:45:26,640 [BasicRepositoryConnector-repo.maven.apache.org-0-0] INFO  o.e.m.c.i.e.AbstractTransferListenerAdapter - Downloading https://repo.maven.apache.org/maven2/org/junit/platform/junit-platform-engine/1.10.2/junit-platform-engine-1.10.2.jar
2024-11-25 10:45:26,645 [BasicRepositoryConnector-repo.maven.apache.org-0-2] INFO  o.e.m.c.i.e.AbstractTransferListenerAdapter - Downloading https://repo.maven.apache.org/maven2/org/junit/platform/junit-platform-commons/1.10.2/junit-platform-commons-1.10.2.jar
2024-11-25 10:45:26,669 [BasicRepositoryConnector-repo.maven.apache.org-0-3] INFO  o.e.m.c.i.e.AbstractTransferListenerAdapter - Downloading https://repo.maven.apache.org/maven2/org/junit/jupiter/junit-jupiter-api/5.10.2/junit-jupiter-api-5.10.2.jar
2024-11-25 10:45:26,745 [BasicRepositoryConnector-repo.maven.apache.org-0-4] INFO  o.e.m.c.i.e.AbstractTransferListenerAdapter - Downloading https://repo.maven.apache.org/maven2/org/apiguardian/apiguardian-api/1.1.2/apiguardian-api-1.1.2.jar
2024-11-25 10:45:26,798 [BasicRepositoryConnector-repo.maven.apache.org-0-1] INFO  o.e.m.c.i.e.AbstractTransferListenerAdapter - Downloaded https://repo.maven.apache.org/maven2/org/opentest4j/opentest4j/1.3.0/opentest4j-1.3.0.jar
2024-11-25 10:45:26,862 [BasicRepositoryConnector-repo.maven.apache.org-0-4] INFO  o.e.m.c.i.e.AbstractTransferListenerAdapter - Downloaded https://repo.maven.apache.org/maven2/org/apiguardian/apiguardian-api/1.1.2/apiguardian-api-1.1.2.jar
2024-11-25 10:45:26,925 [BasicRepositoryConnector-repo.maven.apache.org-0-2] INFO  o.e.m.c.i.e.AbstractTransferListenerAdapter - Downloaded https://repo.maven.apache.org/maven2/org/junit/platform/junit-platform-commons/1.10.2/junit-platform-commons-1.10.2.jar
2024-11-25 10:45:26,938 [BasicRepositoryConnector-repo.maven.apache.org-0-0] INFO  o.e.m.c.i.e.AbstractTransferListenerAdapter - Downloaded https://repo.maven.apache.org/maven2/org/junit/platform/junit-platform-engine/1.10.2/junit-platform-engine-1.10.2.jar
2024-11-25 10:45:26,958 [BasicRepositoryConnector-repo.maven.apache.org-0-3] INFO  o.e.m.c.i.e.AbstractTransferListenerAdapter - Downloaded https://repo.maven.apache.org/maven2/org/junit/jupiter/junit-jupiter-api/5.10.2/junit-jupiter-api-5.10.2.jar
2024-11-25 10:45:27,751 [Worker-16: Building] INFO  o.a.m.s.f.DefaultMavenResourcesFiltering - skip non existing resourceDirectory C:\learning\junit\QuizAppTestCases\src\main\resources
2024-11-25 10:45:27,758 [Worker-16: Building] INFO  o.a.m.s.f.DefaultMavenResourcesFiltering - skip non existing resourceDirectory C:\learning\junit\QuizAppTestCases\src\test\resources
2024-11-25 10:45:28,376 [Worker-2: Download sources and javadoc] INFO  o.e.m.c.i.e.AbstractTransferListenerAdapter - Downloading https://repo.maven.apache.org/maven2/org/junit/jupiter/junit-jupiter-engine/5.10.2/junit-jupiter-engine-5.10.2-sources.jar
2024-11-25 10:45:29,098 [Worker-2: Download sources and javadoc] INFO  o.e.m.c.i.e.AbstractTransferListenerAdapter - Downloaded https://repo.maven.apache.org/maven2/org/junit/jupiter/junit-jupiter-engine/5.10.2/junit-jupiter-engine-5.10.2-sources.jar
2024-11-25 10:45:29,197 [Worker-2: Download sources and javadoc] INFO  o.e.m.j.internal.DownloadSourcesJob - Downloaded sources for org.junit.jupiter:junit-jupiter-engine:5.10.2
2024-11-25 10:45:29,282 [Worker-2: Download sources and javadoc] INFO  o.e.m.c.i.e.AbstractTransferListenerAdapter - Downloading https://repo.maven.apache.org/maven2/org/junit/platform/junit-platform-engine/1.10.2/junit-platform-engine-1.10.2-sources.jar
2024-11-25 10:45:29,694 [Worker-2: Download sources and javadoc] INFO  o.e.m.c.i.e.AbstractTransferListenerAdapter - Downloaded https://repo.maven.apache.org/maven2/org/junit/platform/junit-platform-engine/1.10.2/junit-platform-engine-1.10.2-sources.jar
2024-11-25 10:45:29,744 [Worker-2: Download sources and javadoc] INFO  o.e.m.j.internal.DownloadSourcesJob - Downloaded sources for org.junit.platform:junit-platform-engine:1.10.2
2024-11-25 10:45:29,916 [Worker-2: Download sources and javadoc] INFO  o.e.m.c.i.e.AbstractTransferListenerAdapter - Downloading https://repo.maven.apache.org/maven2/org/opentest4j/opentest4j/1.3.0/opentest4j-1.3.0-sources.jar
2024-11-25 10:45:30,129 [Worker-16: Building] INFO  o.a.m.s.f.DefaultMavenResourcesFiltering - skip non existing resourceDirectory C:\learning\junit\QuizAppTestCases\src\main\resources
2024-11-25 10:45:30,136 [Worker-16: Building] INFO  o.a.m.s.f.DefaultMavenResourcesFiltering - skip non existing resourceDirectory C:\learning\junit\QuizAppTestCases\src\test\resources
2024-11-25 10:45:30,272 [Worker-2: Download sources and javadoc] INFO  o.e.m.c.i.e.AbstractTransferListenerAdapter - Downloaded https://repo.maven.apache.org/maven2/org/opentest4j/opentest4j/1.3.0/opentest4j-1.3.0-sources.jar
2024-11-25 10:45:30,304 [Worker-2: Download sources and javadoc] INFO  o.e.m.j.internal.DownloadSourcesJob - Downloaded sources for org.opentest4j:opentest4j:1.3.0
2024-11-25 10:45:30,400 [Worker-2: Download sources and javadoc] INFO  o.e.m.c.i.e.AbstractTransferListenerAdapter - Downloading https://repo.maven.apache.org/maven2/org/junit/platform/junit-platform-commons/1.10.2/junit-platform-commons-1.10.2-sources.jar
2024-11-25 10:45:30,594 [Worker-2: Download sources and javadoc] INFO  o.e.m.c.i.e.AbstractTransferListenerAdapter - Downloaded https://repo.maven.apache.org/maven2/org/junit/platform/junit-platform-commons/1.10.2/junit-platform-commons-1.10.2-sources.jar
2024-11-25 10:45:30,630 [Worker-2: Download sources and javadoc] INFO  o.e.m.j.internal.DownloadSourcesJob - Downloaded sources for org.junit.platform:junit-platform-commons:1.10.2
2024-11-25 10:45:30,732 [Worker-2: Download sources and javadoc] INFO  o.e.m.c.i.e.AbstractTransferListenerAdapter - Downloading https://repo.maven.apache.org/maven2/org/junit/jupiter/junit-jupiter-api/5.10.2/junit-jupiter-api-5.10.2-sources.jar
2024-11-25 10:45:30,986 [Worker-2: Download sources and javadoc] INFO  o.e.m.c.i.e.AbstractTransferListenerAdapter - Downloaded https://repo.maven.apache.org/maven2/org/junit/jupiter/junit-jupiter-api/5.10.2/junit-jupiter-api-5.10.2-sources.jar
2024-11-25 10:45:31,023 [Worker-2: Download sources and javadoc] INFO  o.e.m.j.internal.DownloadSourcesJob - Downloaded sources for org.junit.jupiter:junit-jupiter-api:5.10.2
2024-11-25 10:45:31,061 [Worker-2: Download sources and javadoc] INFO  o.e.m.c.i.e.AbstractTransferListenerAdapter - Downloading https://repo.maven.apache.org/maven2/org/apiguardian/apiguardian-api/1.1.2/apiguardian-api-1.1.2-sources.jar
2024-11-25 10:45:31,178 [Worker-2: Download sources and javadoc] INFO  o.e.m.c.i.e.AbstractTransferListenerAdapter - Downloaded https://repo.maven.apache.org/maven2/org/apiguardian/apiguardian-api/1.1.2/apiguardian-api-1.1.2-sources.jar
2024-11-25 10:45:31,222 [Worker-2: Download sources and javadoc] INFO  o.e.m.j.internal.DownloadSourcesJob - Downloaded sources for org.apiguardian:apiguardian-api:1.1.2
2024-11-25 10:45:49,020 [Worker-2: Building] INFO  o.a.m.s.f.DefaultMavenResourcesFiltering - skip non existing resourceDirectory C:\learning\junit\QuizAppTestCases\src\main\resources
2024-11-25 10:45:49,035 [Worker-2: Building] INFO  o.a.m.s.f.DefaultMavenResourcesFiltering - skip non existing resourceDirectory C:\learning\junit\QuizAppTestCases\src\test\resources
2024-11-25 10:47:55,479 [Worker-17: Building] INFO  o.a.m.s.f.DefaultMavenResourcesFiltering - skip non existing resourceDirectory C:\learning\junit\QuizAppTestCases\src\main\resources
2024-11-25 10:47:55,485 [Worker-17: Building] INFO  o.a.m.s.f.DefaultMavenResourcesFiltering - skip non existing resourceDirectory C:\learning\junit\QuizAppTestCases\src\test\resources
2024-11-25 10:48:52,301 [Worker-19: Building] INFO  o.a.m.s.f.DefaultMavenResourcesFiltering - skip non existing resourceDirectory C:\learning\junit\QuizAppTestCases\src\main\resources
2024-11-25 10:48:52,306 [Worker-19: Building] INFO  o.a.m.s.f.DefaultMavenResourcesFiltering - skip non existing resourceDirectory C:\learning\junit\QuizAppTestCases\src\test\resources
2024-11-25 10:49:33,999 [Worker-19: Building] INFO  o.a.m.s.f.DefaultMavenResourcesFiltering - skip non existing resourceDirectory C:\learning\junit\QuizAppTestCases\src\main\resources
2024-11-25 10:49:34,003 [Worker-19: Building] INFO  o.a.m.s.f.DefaultMavenResourcesFiltering - skip non existing resourceDirectory C:\learning\junit\QuizAppTestCases\src\test\resources
2024-11-25 10:49:43,342 [main] INFO  o.e.m.jdt.internal.UnitTestSupport - Updating LoginPageTest from maven configuration
2024-11-25 10:49:56,795 [Worker-17: Launching LoginPageTest] INFO  o.a.m.s.f.DefaultMavenResourcesFiltering - skip non existing resourceDirectory C:\learning\junit\QuizAppTestCases\src\main\resources
2024-11-25 10:49:56,802 [Worker-17: Launching LoginPageTest] INFO  o.a.m.s.f.DefaultMavenResourcesFiltering - skip non existing resourceDirectory C:\learning\junit\QuizAppTestCases\src\test\resources
2024-11-25 10:49:57,071 [Worker-17: Launching LoginPageTest] INFO  o.e.m.c.i.e.AbstractTransferListenerAdapter - Downloading https://repo.maven.apache.org/maven2/org/junit/platform/junit-platform-launcher/1.10.2/junit-platform-launcher-1.10.2.jar
2024-11-25 10:49:57,241 [Worker-17: Launching LoginPageTest] INFO  o.e.m.c.i.e.AbstractTransferListenerAdapter - Downloaded https://repo.maven.apache.org/maven2/org/junit/platform/junit-platform-launcher/1.10.2/junit-platform-launcher-1.10.2.jar
2024-11-25 10:53:17,685 [Worker-2: Building] INFO  o.a.m.s.f.DefaultMavenResourcesFiltering - skip non existing resourceDirectory C:\learning\junit\QuizAppTestCases\src\main\resources
2024-11-25 10:53:17,690 [Worker-2: Building] INFO  o.a.m.s.f.DefaultMavenResourcesFiltering - skip non existing resourceDirectory C:\learning\junit\QuizAppTestCases\src\test\resources
2024-11-25 10:56:32,172 [Worker-22: Building] INFO  o.a.m.s.f.DefaultMavenResourcesFiltering - skip non existing resourceDirectory C:\learning\junit\QuizAppTestCases\src\main\resources
2024-11-25 10:56:32,177 [Worker-22: Building] INFO  o.a.m.s.f.DefaultMavenResourcesFiltering - skip non existing resourceDirectory C:\learning\junit\QuizAppTestCases\src\test\resources
2024-11-25 10:58:06,933 [main] INFO  o.e.m.jdt.internal.UnitTestSupport - Updating LoginServiceTest from maven configuration
2024-11-25 10:58:07,476 [Worker-23: Launching LoginServiceTest] INFO  o.a.m.s.f.DefaultMavenResourcesFiltering - skip non existing resourceDirectory C:\learning\junit\QuizAppTestCases\src\main\resources
2024-11-25 10:58:07,481 [Worker-23: Launching LoginServiceTest] INFO  o.a.m.s.f.DefaultMavenResourcesFiltering - skip non existing resourceDirectory C:\learning\junit\QuizAppTestCases\src\test\resources
2024-11-25 11:00:02,144 [Worker-26: Building] INFO  o.a.m.s.f.DefaultMavenResourcesFiltering - skip non existing resourceDirectory C:\learning\junit\QuizAppTestCases\src\main\resources
2024-11-25 11:00:02,149 [Worker-26: Building] INFO  o.a.m.s.f.DefaultMavenResourcesFiltering - skip non existing resourceDirectory C:\learning\junit\QuizAppTestCases\src\test\resources
2024-11-25 11:03:56,474 [Worker-31: Building] INFO  o.a.m.s.f.DefaultMavenResourcesFiltering - skip non existing resourceDirectory C:\learning\junit\QuizAppTestCases\src\main\resources
2024-11-25 11:03:56,481 [Worker-31: Building] INFO  o.a.m.s.f.DefaultMavenResourcesFiltering - skip non existing resourceDirectory C:\learning\junit\QuizAppTestCases\src\test\resources
2024-11-25 11:18:35,927 [Worker-35: Launching LoginServiceTest] INFO  o.a.m.s.f.DefaultMavenResourcesFiltering - skip non existing resourceDirectory C:\learning\junit\QuizAppTestCases\src\main\resources
2024-11-25 11:18:35,933 [Worker-35: Launching LoginServiceTest] INFO  o.a.m.s.f.DefaultMavenResourcesFiltering - skip non existing resourceDirectory C:\learning\junit\QuizAppTestCases\src\test\resources
2024-11-25 11:24:24,669 [Worker-32: Building] INFO  o.a.m.s.f.DefaultMavenResourcesFiltering - skip non existing resourceDirectory C:\learning\junit\QuizAppTestCases\src\main\resources
2024-11-25 11:24:24,674 [Worker-32: Building] INFO  o.a.m.s.f.DefaultMavenResourcesFiltering - skip non existing resourceDirectory C:\learning\junit\QuizAppTestCases\src\test\resources
2024-11-25 11:24:39,984 [Worker-32: Building] INFO  o.a.m.s.f.DefaultMavenResourcesFiltering - skip non existing resourceDirectory C:\learning\junit\QuizAppTestCases\src\main\resources
2024-11-25 11:24:39,988 [Worker-32: Building] INFO  o.a.m.s.f.DefaultMavenResourcesFiltering - skip non existing resourceDirectory C:\learning\junit\QuizAppTestCases\src\test\resources
2024-11-25 11:25:39,399 [main] INFO  o.e.m.jdt.internal.UnitTestSupport - Updating StudentRegistrationServiceTest from maven configuration
2024-11-25 11:25:39,678 [Worker-40: Launching StudentRegistrationServiceTest] INFO  o.a.m.s.f.DefaultMavenResourcesFiltering - skip non existing resourceDirectory C:\learning\junit\QuizAppTestCases\src\main\resources
2024-11-25 11:25:39,683 [Worker-40: Launching StudentRegistrationServiceTest] INFO  o.a.m.s.f.DefaultMavenResourcesFiltering - skip non existing resourceDirectory C:\learning\junit\QuizAppTestCases\src\test\resources
2024-11-25 12:08:37,730 [Worker-42: Building] INFO  o.a.m.s.f.DefaultMavenResourcesFiltering - skip non existing resourceDirectory C:\learning\junit\QuizAppTestCases\src\main\resources
2024-11-25 12:08:37,735 [Worker-42: Building] INFO  o.a.m.s.f.DefaultMavenResourcesFiltering - skip non existing resourceDirectory C:\learning\junit\QuizAppTestCases\src\test\resources
2024-11-25 12:08:59,510 [Worker-39: Building] INFO  o.a.m.s.f.DefaultMavenResourcesFiltering - skip non existing resourceDirectory C:\learning\junit\QuizAppTestCases\src\main\resources
2024-11-25 12:08:59,516 [Worker-39: Building] INFO  o.a.m.s.f.DefaultMavenResourcesFiltering - skip non existing resourceDirectory C:\learning\junit\QuizAppTestCases\src\test\resources
2024-11-25 12:10:21,849 [main] INFO  o.e.m.jdt.internal.UnitTestSupport - Updating BankAccountTest from maven configuration
2024-11-25 12:10:22,169 [Worker-45: Launching BankAccountTest] INFO  o.a.m.s.f.DefaultMavenResourcesFiltering - skip non existing resourceDirectory C:\learning\junit\QuizAppTestCases\src\main\resources
2024-11-25 12:10:22,175 [Worker-45: Launching BankAccountTest] INFO  o.a.m.s.f.DefaultMavenResourcesFiltering - skip non existing resourceDirectory C:\learning\junit\QuizAppTestCases\src\test\resources
2024-11-25 12:24:40,122 [Worker-49: Building] INFO  o.a.m.s.f.DefaultMavenResourcesFiltering - skip non existing resourceDirectory C:\learning\junit\QuizAppTestCases\src\main\resources
2024-11-25 12:24:40,126 [Worker-49: Building] INFO  o.a.m.s.f.DefaultMavenResourcesFiltering - skip non existing resourceDirectory C:\learning\junit\QuizAppTestCases\src\test\resources
2024-11-25 12:26:15,758 [Worker-51: Building] INFO  o.a.m.s.f.DefaultMavenResourcesFiltering - skip non existing resourceDirectory C:\learning\junit\QuizAppTestCases\src\main\resources
2024-11-25 12:26:15,762 [Worker-51: Building] INFO  o.a.m.s.f.DefaultMavenResourcesFiltering - skip non existing resourceDirectory C:\learning\junit\QuizAppTestCases\src\test\resources
2024-11-25 12:26:37,633 [Worker-49: Building] INFO  o.a.m.s.f.DefaultMavenResourcesFiltering - skip non existing resourceDirectory C:\learning\junit\QuizAppTestCases\src\main\resources
2024-11-25 12:26:37,637 [Worker-49: Building] INFO  o.a.m.s.f.DefaultMavenResourcesFiltering - skip non existing resourceDirectory C:\learning\junit\QuizAppTestCases\src\test\resources
2024-11-25 12:27:22,309 [Worker-47: Building] INFO  o.a.m.s.f.DefaultMavenResourcesFiltering - skip non existing resourceDirectory C:\learning\junit\QuizAppTestCases\src\main\resources
2024-11-25 12:27:22,312 [Worker-47: Building] INFO  o.a.m.s.f.DefaultMavenResourcesFiltering - skip non existing resourceDirectory C:\learning\junit\QuizAppTestCases\src\test\resources
2024-11-25 12:28:17,116 [Worker-49: Building] INFO  o.a.m.s.f.DefaultMavenResourcesFiltering - skip non existing resourceDirectory C:\learning\junit\QuizAppTestCases\src\main\resources
2024-11-25 12:28:17,121 [Worker-49: Building] INFO  o.a.m.s.f.DefaultMavenResourcesFiltering - skip non existing resourceDirectory C:\learning\junit\QuizAppTestCases\src\test\resources
2024-11-25 17:19:25,057 [Worker-92: Building] INFO  o.a.m.s.f.DefaultMavenResourcesFiltering - skip non existing resourceDirectory C:\learning\junit\QuizAppTestCases\src\main\resources
2024-11-25 17:19:25,072 [Worker-92: Building] INFO  o.a.m.s.f.DefaultMavenResourcesFiltering - skip non existing resourceDirectory C:\learning\junit\QuizAppTestCases\src\test\resources
